DEBUG:urllib3.connectionpool:Starting new HTTPS connection (1): www.rightmove.co.uk:443
DEBUG:urllib3.connectionpool:https://www.rightmove.co.uk:443 "GET /property-for-sale/find.html?minBedrooms=2&propertyTypes=detached%2Csemi-detached%2Cterraced%2Cbungalow&keywords=&sortType=2&viewType=LIST&channel=BUY&index=0&maxPrice=350000&radius=0.0&maxDaysSinceAdded=1&locationIdentifier=USERDEFINEDAREA%5E%7B%22polylines%22%3A%22q%7BrdIzkhNgpH%7CoEwrDojGmkFq~Vb%60BeqPlaAapJp%7DCslCnxCq%7CH%60Ve~EqxE%7BiKleJsrSjcN%7DqBlSr_e%40%7CsCruE%7CqHylDbq%40xiK~EpwPgsBztXkgFxnZijQixH%22%7D HTTP/1.1" 200 None
DEBUG:urllib3.util.retry:Converted retries value: 2 -> Retry(total=2, connect=None, read=None, redirect=None, status=None)
DEBUG:urllib3.util.retry:Converted retries value: 2 -> Retry(total=2, connect=None, read=None, redirect=None, status=None)
DEBUG:geopy:Nominatim.reverse: https://nominatim.openstreetmap.org/reverse?lat=53.261459&lon=-2.155235&format=json&addressdetails=1
DEBUG:urllib3.connectionpool:Starting new HTTPS connection (1): nominatim.openstreetmap.org:443
DEBUG:urllib3.connectionpool:https://nominatim.openstreetmap.org:443 "GET /reverse?lat=53.261459&lon=-2.155235&format=json&addressdetails=1 HTTP/1.1" 200 None
DEBUG:geopy:Nominatim.reverse: https://nominatim.openstreetmap.org/reverse?lat=53.228684&lon=-2.35916&format=json&addressdetails=1
DEBUG:urllib3.connectionpool:https://nominatim.openstreetmap.org:443 "GET /reverse?lat=53.228684&lon=-2.35916&format=json&addressdetails=1 HTTP/1.1" 200 None
DEBUG:geopy:Nominatim.reverse: https://nominatim.openstreetmap.org/reverse?lat=53.261459&lon=-2.155235&format=json&addressdetails=1
DEBUG:urllib3.connectionpool:https://nominatim.openstreetmap.org:443 "GET /reverse?lat=53.261459&lon=-2.155235&format=json&addressdetails=1 HTTP/1.1" 200 None
DEBUG:geopy:Nominatim.reverse: https://nominatim.openstreetmap.org/reverse?lat=53.39031&lon=-2.28279&format=json&addressdetails=1
DEBUG:urllib3.connectionpool:https://nominatim.openstreetmap.org:443 "GET /reverse?lat=53.39031&lon=-2.28279&format=json&addressdetails=1 HTTP/1.1" 200 None
DEBUG:urllib3.connectionpool:Starting new HTTPS connection (1): www.rightmove.co.uk:443
DEBUG:urllib3.connectionpool:https://www.rightmove.co.uk:443 "GET /property-for-sale/find.html?minBedrooms=2&propertyTypes=detached%2Csemi-detached%2Cterraced%2Cbungalow&keywords=&sortType=2&viewType=LIST&channel=BUY&index=0&maxPrice=350000&radius=0.0&maxDaysSinceAdded=1&locationIdentifier=USERDEFINEDAREA%5E%7B%22polylines%22%3A%22q%7BrdIzkhNgpH%7CoEwrDojGmkFq~Vb%60BeqPlaAapJp%7DCslCnxCq%7CH%60Ve~EqxE%7BiKleJsrSjcN%7DqBlSr_e%40%7CsCruE%7CqHylDbq%40xiK~EpwPgsBztXkgFxnZijQixH%22%7D&index=24 HTTP/1.1" 200 None
DEBUG:urllib3.util.retry:Converted retries value: 2 -> Retry(total=2, connect=None, read=None, redirect=None, status=None)
DEBUG:urllib3.util.retry:Converted retries value: 2 -> Retry(total=2, connect=None, read=None, redirect=None, status=None)
DEBUG:geopy:Nominatim.reverse: https://nominatim.openstreetmap.org/reverse?lat=53.261459&lon=-2.155235&format=json&addressdetails=1
DEBUG:urllib3.connectionpool:Starting new HTTPS connection (1): nominatim.openstreetmap.org:443
DEBUG:urllib3.connectionpool:https://nominatim.openstreetmap.org:443 "GET /reverse?lat=53.261459&lon=-2.155235&format=json&addressdetails=1 HTTP/1.1" 200 None
DEBUG:geopy:Nominatim.reverse: https://nominatim.openstreetmap.org/reverse?lat=53.228684&lon=-2.35916&format=json&addressdetails=1
DEBUG:urllib3.connectionpool:https://nominatim.openstreetmap.org:443 "GET /reverse?lat=53.228684&lon=-2.35916&format=json&addressdetails=1 HTTP/1.1" 200 None
DEBUG:geopy:Nominatim.reverse: https://nominatim.openstreetmap.org/reverse?lat=53.261459&lon=-2.155235&format=json&addressdetails=1
DEBUG:urllib3.connectionpool:https://nominatim.openstreetmap.org:443 "GET /reverse?lat=53.261459&lon=-2.155235&format=json&addressdetails=1 HTTP/1.1" 200 None
DEBUG:geopy:Nominatim.reverse: https://nominatim.openstreetmap.org/reverse?lat=53.39031&lon=-2.28279&format=json&addressdetails=1
DEBUG:urllib3.connectionpool:https://nominatim.openstreetmap.org:443 "GET /reverse?lat=53.39031&lon=-2.28279&format=json&addressdetails=1 HTTP/1.1" 200 None
DEBUG:urllib3.connectionpool:Starting new HTTPS connection (1): www.rightmove.co.uk:443
DEBUG:urllib3.connectionpool:https://www.rightmove.co.uk:443 "GET /property-for-sale/find.html?minBedrooms=2&propertyTypes=detached%2Csemi-detached%2Cterraced%2Cbungalow&keywords=&sortType=2&viewType=LIST&channel=BUY&index=0&maxPrice=350000&radius=0.0&maxDaysSinceAdded=1&locationIdentifier=USERDEFINEDAREA%5E%7B%22polylines%22%3A%22kmreIpgrKspAqaAuzBvXajBhRcsAdPmgBa%5D%7BhAajAcn%40qnBhNc%60Ejo%40adClgBuaBhkBc%7B%40%60xBse%40bjBnT~hAvv%40rbAllBr%5DjhC%7CUv_CeIjsE%7BPbyAyp%40uI%22%7D HTTP/1.1" 200 None
DEBUG:urllib3.util.retry:Converted retries value: 2 -> Retry(total=2, connect=None, read=None, redirect=None, status=None)
DEBUG:urllib3.util.retry:Converted retries value: 2 -> Retry(total=2, connect=None, read=None, redirect=None, status=None)
DEBUG:geopy:Nominatim.reverse: https://nominatim.openstreetmap.org/reverse?lat=53.5179&lon=-2.04689&format=json&addressdetails=1
DEBUG:urllib3.connectionpool:Starting new HTTPS connection (1): nominatim.openstreetmap.org:443
DEBUG:urllib3.connectionpool:https://nominatim.openstreetmap.org:443 "GET /reverse?lat=53.5179&lon=-2.04689&format=json&addressdetails=1 HTTP/1.1" 200 None
DEBUG:urllib3.connectionpool:Starting new HTTPS connection (1): www.rightmove.co.uk:443
DEBUG:urllib3.connectionpool:https://www.rightmove.co.uk:443 "GET /property-for-sale/find.html?minBedrooms=2&propertyTypes=detached%2Csemi-detached%2Cterraced%2Cbungalow&keywords=&sortType=2&viewType=LIST&channel=BUY&index=0&maxPrice=350000&radius=0.0&maxDaysSinceAdded=1&locationIdentifier=USERDEFINEDAREA%5E%7B%22polylines%22%3A%22kmreIpgrKspAqaAuzBvXajBhRcsAdPmgBa%5D%7BhAajAcn%40qnBhNc%60Ejo%40adClgBuaBhkBc%7B%40%60xBse%40bjBnT~hAvv%40rbAllBr%5DjhC%7CUv_CeIjsE%7BPbyAyp%40uI%22%7D&index=24 HTTP/1.1" 200 None
DEBUG:urllib3.util.retry:Converted retries value: 2 -> Retry(total=2, connect=None, read=None, redirect=None, status=None)
DEBUG:urllib3.util.retry:Converted retries value: 2 -> Retry(total=2, connect=None, read=None, redirect=None, status=None)
DEBUG:geopy:Nominatim.reverse: https://nominatim.openstreetmap.org/reverse?lat=53.5179&lon=-2.04689&format=json&addressdetails=1
DEBUG:urllib3.connectionpool:Starting new HTTPS connection (1): nominatim.openstreetmap.org:443
DEBUG:urllib3.connectionpool:https://nominatim.openstreetmap.org:443 "GET /reverse?lat=53.5179&lon=-2.04689&format=json&addressdetails=1 HTTP/1.1" 200 None
DEBUG:root:Scraped GeoJSON: {"type": "FeatureCollection", "features": [{"type": "Feature", "geometry": {"type": "Point", "coordinates": [-2.155235, 53.261459]}, "properties": {"id": 136740530, "area": "Macclesfield", "type": "Mews", "beds": 2, "price": "\u00a3244,950", "status": "Reduced yesterday", "first_published": "2023-06-29T14:37:12Z", "baths": 1, "address": "Alderney Close, Macclesfield", "location": "http://www.google.com/maps/place/53.261459,-2.155235", "url": "https://www.rightmove.co.uk/properties/136740530#/?channel=RES_BUY", "lat": 53.261459, "long": -2.155235}}, {"type": "Feature", "geometry": {"type": "Point", "coordinates": [-2.35916, 53.228684]}, "properties": {"id": 137114741, "area": "Goostrey", "type": "Bungalow", "beds": 2, "price": "\u00a3335,000", "status": "Added yesterday", "first_published": "2023-07-08T18:36:34Z", "baths": 1, "address": "Lea Avenue, Goostrey, Crewe, Cheshire, CW4", "location": "http://www.google.com/maps/place/53.228684,-2.35916", "url": "https://www.rightmove.co.uk/properties/137114741#/?channel=RES_BUY", "lat": 53.228684, "long": -2.35916}}, {"type": "Feature", "geometry": {"type": "Point", "coordinates": [-2.155235, 53.261459]}, "properties": {"id": 136740530, "area": "Macclesfield", "type": "Mews", "beds": 2, "price": "\u00a3244,950", "status": "Reduced yesterday", "first_published": "2023-06-29T14:37:12Z", "baths": 1, "address": "Alderney Close, Macclesfield", "location": "http://www.google.com/maps/place/53.261459,-2.155235", "url": "https://www.rightmove.co.uk/properties/136740530#/?channel=RES_BUY", "lat": 53.261459, "long": -2.155235}}, {"type": "Feature", "geometry": {"type": "Point", "coordinates": [-2.28279, 53.39031]}, "properties": {"id": 137107094, "area": "Wythenshawe", "type": "Semi-Detached", "beds": 3, "price": "\u00a3190,000", "status": "Added yesterday", "first_published": "2023-07-08T13:56:02Z", "baths": 1, "address": "Bushey Drive, Manchester, Greater Manchester, M23", "location": "http://www.google.com/maps/place/53.39031,-2.28279", "url": "https://www.rightmove.co.uk/properties/137107094#/?channel=RES_BUY", "lat": 53.39031, "long": -2.28279}}, {"type": "Feature", "geometry": {"type": "Point", "coordinates": [-2.155235, 53.261459]}, "properties": {"id": 136740530, "area": "Macclesfield", "type": "Mews", "beds": 2, "price": "\u00a3244,950", "status": "Reduced yesterday", "first_published": "2023-06-29T14:37:12Z", "baths": 1, "address": "Alderney Close, Macclesfield", "location": "http://www.google.com/maps/place/53.261459,-2.155235", "url": "https://www.rightmove.co.uk/properties/136740530#/?channel=RES_BUY", "lat": 53.261459, "long": -2.155235}}, {"type": "Feature", "geometry": {"type": "Point", "coordinates": [-2.35916, 53.228684]}, "properties": {"id": 137114741, "area": "Goostrey", "type": "Bungalow", "beds": 2, "price": "\u00a3335,000", "status": "Added yesterday", "first_published": "2023-07-08T18:36:34Z", "baths": 1, "address": "Lea Avenue, Goostrey, Crewe, Cheshire, CW4", "location": "http://www.google.com/maps/place/53.228684,-2.35916", "url": "https://www.rightmove.co.uk/properties/137114741#/?channel=RES_BUY", "lat": 53.228684, "long": -2.35916}}, {"type": "Feature", "geometry": {"type": "Point", "coordinates": [-2.155235, 53.261459]}, "properties": {"id": 136740530, "area": "Macclesfield", "type": "Mews", "beds": 2, "price": "\u00a3244,950", "status": "Reduced yesterday", "first_published": "2023-06-29T14:37:12Z", "baths": 1, "address": "Alderney Close, Macclesfield", "location": "http://www.google.com/maps/place/53.261459,-2.155235", "url": "https://www.rightmove.co.uk/properties/136740530#/?channel=RES_BUY", "lat": 53.261459, "long": -2.155235}}, {"type": "Feature", "geometry": {"type": "Point", "coordinates": [-2.28279, 53.39031]}, "properties": {"id": 137107094, "area": "Wythenshawe", "type": "Semi-Detached", "beds": 3, "price": "\u00a3190,000", "status": "Added yesterday", "first_published": "2023-07-08T13:56:02Z", "baths": 1, "address": "Bushey Drive, Manchester, Greater Manchester, M23", "location": "http://www.google.com/maps/place/53.39031,-2.28279", "url": "https://www.rightmove.co.uk/properties/137107094#/?channel=RES_BUY", "lat": 53.39031, "long": -2.28279}}, {"type": "Feature", "geometry": {"type": "Point", "coordinates": [-2.04689, 53.5179]}, "properties": {"id": 134519660, "area": "Micklehurst", "type": "Terraced", "beds": 3, "price": "\u00a3225,000", "status": "Reduced yesterday", "first_published": "2023-05-05T21:07:25Z", "baths": null, "address": "Stamford Street, Mossley , Ashton-Under-Lyne OL5 0LN", "location": "http://www.google.com/maps/place/53.5179,-2.04689", "url": "https://www.rightmove.co.uk/properties/134519660#/?channel=RES_BUY", "lat": 53.5179, "long": -2.04689}}, {"type": "Feature", "geometry": {"type": "Point", "coordinates": [-2.04689, 53.5179]}, "properties": {"id": 134519660, "area": "Micklehurst", "type": "Terraced", "beds": 3, "price": "\u00a3225,000", "status": "Reduced yesterday", "first_published": "2023-05-05T21:07:25Z", "baths": null, "address": "Stamford Street, Mossley , Ashton-Under-Lyne OL5 0LN", "location": "http://www.google.com/maps/place/53.5179,-2.04689", "url": "https://www.rightmove.co.uk/properties/134519660#/?channel=RES_BUY", "lat": 53.5179, "long": -2.04689}}]}
INFO:werkzeug:[31m[1mWARNING: This is a development server. Do not use it in a production deployment. Use a production WSGI server instead.[0m
 * Running on http://127.0.0.1:5000
INFO:werkzeug:[33mPress CTRL+C to quit[0m
DEBUG:root:Rendering index page
INFO:werkzeug:127.0.0.1 - - [09/Jul/2023 12:06:04] "GET / HTTP/1.1" 200 -
DEBUG:urllib3.connectionpool:Starting new HTTPS connection (1): www.rightmove.co.uk:443
DEBUG:urllib3.connectionpool:https://www.rightmove.co.uk:443 "GET /property-for-sale/find.html?minBedrooms=2&propertyTypes=detached%2Csemi-detached%2Cterraced%2Cbungalow&keywords=&sortType=2&viewType=LIST&channel=BUY&index=0&maxPrice=350000&radius=0.0&maxDaysSinceAdded=1&locationIdentifier=USERDEFINEDAREA%5E%7B%22polylines%22%3A%22q%7BrdIzkhNgpH%7CoEwrDojGmkFq~Vb%60BeqPlaAapJp%7DCslCnxCq%7CH%60Ve~EqxE%7BiKleJsrSjcN%7DqBlSr_e%40%7CsCruE%7CqHylDbq%40xiK~EpwPgsBztXkgFxnZijQixH%22%7D HTTP/1.1" 200 None
DEBUG:urllib3.util.retry:Converted retries value: 2 -> Retry(total=2, connect=None, read=None, redirect=None, status=None)
DEBUG:urllib3.util.retry:Converted retries value: 2 -> Retry(total=2, connect=None, read=None, redirect=None, status=None)
DEBUG:geopy:Nominatim.reverse: https://nominatim.openstreetmap.org/reverse?lat=53.261459&lon=-2.155235&format=json&addressdetails=1
DEBUG:urllib3.connectionpool:Starting new HTTPS connection (1): nominatim.openstreetmap.org:443
DEBUG:urllib3.connectionpool:https://nominatim.openstreetmap.org:443 "GET /reverse?lat=53.261459&lon=-2.155235&format=json&addressdetails=1 HTTP/1.1" 200 None
DEBUG:geopy:Nominatim.reverse: https://nominatim.openstreetmap.org/reverse?lat=53.228684&lon=-2.35916&format=json&addressdetails=1
DEBUG:urllib3.connectionpool:https://nominatim.openstreetmap.org:443 "GET /reverse?lat=53.228684&lon=-2.35916&format=json&addressdetails=1 HTTP/1.1" 200 None
DEBUG:geopy:Nominatim.reverse: https://nominatim.openstreetmap.org/reverse?lat=53.261459&lon=-2.155235&format=json&addressdetails=1
DEBUG:urllib3.connectionpool:https://nominatim.openstreetmap.org:443 "GET /reverse?lat=53.261459&lon=-2.155235&format=json&addressdetails=1 HTTP/1.1" 200 None
DEBUG:geopy:Nominatim.reverse: https://nominatim.openstreetmap.org/reverse?lat=53.39031&lon=-2.28279&format=json&addressdetails=1
DEBUG:urllib3.connectionpool:https://nominatim.openstreetmap.org:443 "GET /reverse?lat=53.39031&lon=-2.28279&format=json&addressdetails=1 HTTP/1.1" 200 None
DEBUG:urllib3.connectionpool:Starting new HTTPS connection (1): www.rightmove.co.uk:443
DEBUG:urllib3.connectionpool:https://www.rightmove.co.uk:443 "GET /property-for-sale/find.html?minBedrooms=2&propertyTypes=detached%2Csemi-detached%2Cterraced%2Cbungalow&keywords=&sortType=2&viewType=LIST&channel=BUY&index=0&maxPrice=350000&radius=0.0&maxDaysSinceAdded=1&locationIdentifier=USERDEFINEDAREA%5E%7B%22polylines%22%3A%22q%7BrdIzkhNgpH%7CoEwrDojGmkFq~Vb%60BeqPlaAapJp%7DCslCnxCq%7CH%60Ve~EqxE%7BiKleJsrSjcN%7DqBlSr_e%40%7CsCruE%7CqHylDbq%40xiK~EpwPgsBztXkgFxnZijQixH%22%7D&index=24 HTTP/1.1" 200 None
DEBUG:urllib3.util.retry:Converted retries value: 2 -> Retry(total=2, connect=None, read=None, redirect=None, status=None)
DEBUG:urllib3.util.retry:Converted retries value: 2 -> Retry(total=2, connect=None, read=None, redirect=None, status=None)
DEBUG:geopy:Nominatim.reverse: https://nominatim.openstreetmap.org/reverse?lat=53.261459&lon=-2.155235&format=json&addressdetails=1
DEBUG:urllib3.connectionpool:Starting new HTTPS connection (1): nominatim.openstreetmap.org:443
DEBUG:urllib3.connectionpool:https://nominatim.openstreetmap.org:443 "GET /reverse?lat=53.261459&lon=-2.155235&format=json&addressdetails=1 HTTP/1.1" 200 None
DEBUG:geopy:Nominatim.reverse: https://nominatim.openstreetmap.org/reverse?lat=53.228684&lon=-2.35916&format=json&addressdetails=1
DEBUG:urllib3.connectionpool:https://nominatim.openstreetmap.org:443 "GET /reverse?lat=53.228684&lon=-2.35916&format=json&addressdetails=1 HTTP/1.1" 200 None
DEBUG:geopy:Nominatim.reverse: https://nominatim.openstreetmap.org/reverse?lat=53.261459&lon=-2.155235&format=json&addressdetails=1
DEBUG:urllib3.connectionpool:https://nominatim.openstreetmap.org:443 "GET /reverse?lat=53.261459&lon=-2.155235&format=json&addressdetails=1 HTTP/1.1" 200 None
DEBUG:geopy:Nominatim.reverse: https://nominatim.openstreetmap.org/reverse?lat=53.39031&lon=-2.28279&format=json&addressdetails=1
DEBUG:urllib3.connectionpool:https://nominatim.openstreetmap.org:443 "GET /reverse?lat=53.39031&lon=-2.28279&format=json&addressdetails=1 HTTP/1.1" 200 None
DEBUG:urllib3.connectionpool:Starting new HTTPS connection (1): www.rightmove.co.uk:443
DEBUG:urllib3.connectionpool:https://www.rightmove.co.uk:443 "GET /property-for-sale/find.html?minBedrooms=2&propertyTypes=detached%2Csemi-detached%2Cterraced%2Cbungalow&keywords=&sortType=2&viewType=LIST&channel=BUY&index=0&maxPrice=350000&radius=0.0&maxDaysSinceAdded=1&locationIdentifier=USERDEFINEDAREA%5E%7B%22polylines%22%3A%22kmreIpgrKspAqaAuzBvXajBhRcsAdPmgBa%5D%7BhAajAcn%40qnBhNc%60Ejo%40adClgBuaBhkBc%7B%40%60xBse%40bjBnT~hAvv%40rbAllBr%5DjhC%7CUv_CeIjsE%7BPbyAyp%40uI%22%7D HTTP/1.1" 200 None
DEBUG:urllib3.util.retry:Converted retries value: 2 -> Retry(total=2, connect=None, read=None, redirect=None, status=None)
DEBUG:urllib3.util.retry:Converted retries value: 2 -> Retry(total=2, connect=None, read=None, redirect=None, status=None)
DEBUG:geopy:Nominatim.reverse: https://nominatim.openstreetmap.org/reverse?lat=53.5179&lon=-2.04689&format=json&addressdetails=1
DEBUG:urllib3.connectionpool:Starting new HTTPS connection (1): nominatim.openstreetmap.org:443
DEBUG:urllib3.connectionpool:https://nominatim.openstreetmap.org:443 "GET /reverse?lat=53.5179&lon=-2.04689&format=json&addressdetails=1 HTTP/1.1" 200 None
DEBUG:urllib3.connectionpool:Starting new HTTPS connection (1): www.rightmove.co.uk:443
DEBUG:urllib3.connectionpool:https://www.rightmove.co.uk:443 "GET /property-for-sale/find.html?minBedrooms=2&propertyTypes=detached%2Csemi-detached%2Cterraced%2Cbungalow&keywords=&sortType=2&viewType=LIST&channel=BUY&index=0&maxPrice=350000&radius=0.0&maxDaysSinceAdded=1&locationIdentifier=USERDEFINEDAREA%5E%7B%22polylines%22%3A%22kmreIpgrKspAqaAuzBvXajBhRcsAdPmgBa%5D%7BhAajAcn%40qnBhNc%60Ejo%40adClgBuaBhkBc%7B%40%60xBse%40bjBnT~hAvv%40rbAllBr%5DjhC%7CUv_CeIjsE%7BPbyAyp%40uI%22%7D&index=24 HTTP/1.1" 200 None
DEBUG:urllib3.util.retry:Converted retries value: 2 -> Retry(total=2, connect=None, read=None, redirect=None, status=None)
DEBUG:urllib3.util.retry:Converted retries value: 2 -> Retry(total=2, connect=None, read=None, redirect=None, status=None)
DEBUG:geopy:Nominatim.reverse: https://nominatim.openstreetmap.org/reverse?lat=53.5179&lon=-2.04689&format=json&addressdetails=1
DEBUG:urllib3.connectionpool:Starting new HTTPS connection (1): nominatim.openstreetmap.org:443
DEBUG:urllib3.connectionpool:https://nominatim.openstreetmap.org:443 "GET /reverse?lat=53.5179&lon=-2.04689&format=json&addressdetails=1 HTTP/1.1" 200 None
DEBUG:root:Scraped GeoJSON: {"type": "FeatureCollection", "features": [{"type": "Feature", "geometry": {"type": "Point", "coordinates": [-2.155235, 53.261459]}, "properties": {"id": 136740530, "area": "Macclesfield", "type": "Mews", "beds": 2, "price": "\u00a3244,950", "status": "Reduced yesterday", "first_published": "2023-06-29T14:37:12Z", "baths": 1, "address": "Alderney Close, Macclesfield", "location": "http://www.google.com/maps/place/53.261459,-2.155235", "url": "https://www.rightmove.co.uk/properties/136740530#/?channel=RES_BUY", "lat": 53.261459, "long": -2.155235}}, {"type": "Feature", "geometry": {"type": "Point", "coordinates": [-2.35916, 53.228684]}, "properties": {"id": 137114741, "area": "Goostrey", "type": "Bungalow", "beds": 2, "price": "\u00a3335,000", "status": "Added yesterday", "first_published": "2023-07-08T18:36:34Z", "baths": 1, "address": "Lea Avenue, Goostrey, Crewe, Cheshire, CW4", "location": "http://www.google.com/maps/place/53.228684,-2.35916", "url": "https://www.rightmove.co.uk/properties/137114741#/?channel=RES_BUY", "lat": 53.228684, "long": -2.35916}}, {"type": "Feature", "geometry": {"type": "Point", "coordinates": [-2.155235, 53.261459]}, "properties": {"id": 136740530, "area": "Macclesfield", "type": "Mews", "beds": 2, "price": "\u00a3244,950", "status": "Reduced yesterday", "first_published": "2023-06-29T14:37:12Z", "baths": 1, "address": "Alderney Close, Macclesfield", "location": "http://www.google.com/maps/place/53.261459,-2.155235", "url": "https://www.rightmove.co.uk/properties/136740530#/?channel=RES_BUY", "lat": 53.261459, "long": -2.155235}}, {"type": "Feature", "geometry": {"type": "Point", "coordinates": [-2.28279, 53.39031]}, "properties": {"id": 137107094, "area": "Wythenshawe", "type": "Semi-Detached", "beds": 3, "price": "\u00a3190,000", "status": "Added yesterday", "first_published": "2023-07-08T13:56:02Z", "baths": 1, "address": "Bushey Drive, Manchester, Greater Manchester, M23", "location": "http://www.google.com/maps/place/53.39031,-2.28279", "url": "https://www.rightmove.co.uk/properties/137107094#/?channel=RES_BUY", "lat": 53.39031, "long": -2.28279}}, {"type": "Feature", "geometry": {"type": "Point", "coordinates": [-2.155235, 53.261459]}, "properties": {"id": 136740530, "area": "Macclesfield", "type": "Mews", "beds": 2, "price": "\u00a3244,950", "status": "Reduced yesterday", "first_published": "2023-06-29T14:37:12Z", "baths": 1, "address": "Alderney Close, Macclesfield", "location": "http://www.google.com/maps/place/53.261459,-2.155235", "url": "https://www.rightmove.co.uk/properties/136740530#/?channel=RES_BUY", "lat": 53.261459, "long": -2.155235}}, {"type": "Feature", "geometry": {"type": "Point", "coordinates": [-2.35916, 53.228684]}, "properties": {"id": 137114741, "area": "Goostrey", "type": "Bungalow", "beds": 2, "price": "\u00a3335,000", "status": "Added yesterday", "first_published": "2023-07-08T18:36:34Z", "baths": 1, "address": "Lea Avenue, Goostrey, Crewe, Cheshire, CW4", "location": "http://www.google.com/maps/place/53.228684,-2.35916", "url": "https://www.rightmove.co.uk/properties/137114741#/?channel=RES_BUY", "lat": 53.228684, "long": -2.35916}}, {"type": "Feature", "geometry": {"type": "Point", "coordinates": [-2.155235, 53.261459]}, "properties": {"id": 136740530, "area": "Macclesfield", "type": "Mews", "beds": 2, "price": "\u00a3244,950", "status": "Reduced yesterday", "first_published": "2023-06-29T14:37:12Z", "baths": 1, "address": "Alderney Close, Macclesfield", "location": "http://www.google.com/maps/place/53.261459,-2.155235", "url": "https://www.rightmove.co.uk/properties/136740530#/?channel=RES_BUY", "lat": 53.261459, "long": -2.155235}}, {"type": "Feature", "geometry": {"type": "Point", "coordinates": [-2.28279, 53.39031]}, "properties": {"id": 137107094, "area": "Wythenshawe", "type": "Semi-Detached", "beds": 3, "price": "\u00a3190,000", "status": "Added yesterday", "first_published": "2023-07-08T13:56:02Z", "baths": 1, "address": "Bushey Drive, Manchester, Greater Manchester, M23", "location": "http://www.google.com/maps/place/53.39031,-2.28279", "url": "https://www.rightmove.co.uk/properties/137107094#/?channel=RES_BUY", "lat": 53.39031, "long": -2.28279}}, {"type": "Feature", "geometry": {"type": "Point", "coordinates": [-2.04689, 53.5179]}, "properties": {"id": 134519660, "area": "Micklehurst", "type": "Terraced", "beds": 3, "price": "\u00a3225,000", "status": "Reduced yesterday", "first_published": "2023-05-05T21:07:25Z", "baths": null, "address": "Stamford Street, Mossley , Ashton-Under-Lyne OL5 0LN", "location": "http://www.google.com/maps/place/53.5179,-2.04689", "url": "https://www.rightmove.co.uk/properties/134519660#/?channel=RES_BUY", "lat": 53.5179, "long": -2.04689}}, {"type": "Feature", "geometry": {"type": "Point", "coordinates": [-2.04689, 53.5179]}, "properties": {"id": 134519660, "area": "Micklehurst", "type": "Terraced", "beds": 3, "price": "\u00a3225,000", "status": "Reduced yesterday", "first_published": "2023-05-05T21:07:25Z", "baths": null, "address": "Stamford Street, Mossley , Ashton-Under-Lyne OL5 0LN", "location": "http://www.google.com/maps/place/53.5179,-2.04689", "url": "https://www.rightmove.co.uk/properties/134519660#/?channel=RES_BUY", "lat": 53.5179, "long": -2.04689}}]}
INFO:werkzeug:[31m[1mWARNING: This is a development server. Do not use it in a production deployment. Use a production WSGI server instead.[0m
 * Running on all addresses (0.0.0.0)
 * Running on http://127.0.0.1:5000
 * Running on http://192.168.0.72:5000
INFO:werkzeug:[33mPress CTRL+C to quit[0m
DEBUG:root:Rendering index page
INFO:werkzeug:192.168.0.105 - - [09/Jul/2023 12:07:32] "GET / HTTP/1.1" 200 -
INFO:werkzeug:192.168.0.105 - - [09/Jul/2023 12:07:33] "[33mGET /favicon.ico HTTP/1.1[0m" 404 -
DEBUG:root:Rendering index page
INFO:werkzeug:192.168.0.41 - - [09/Jul/2023 12:08:05] "GET / HTTP/1.1" 200 -
INFO:werkzeug:192.168.0.41 - - [09/Jul/2023 12:08:06] "[33mGET /favicon.ico HTTP/1.1[0m" 404 -
DEBUG:root:Rendering index page
INFO:werkzeug:192.168.0.146 - - [09/Jul/2023 12:08:46] "GET / HTTP/1.1" 200 -
INFO:werkzeug:192.168.0.146 - - [09/Jul/2023 12:08:48] "[33mGET /favicon.ico HTTP/1.1[0m" 404 -
DEBUG:root:Rendering index page
INFO:werkzeug:192.168.0.214 - - [09/Jul/2023 12:11:49] "GET / HTTP/1.1" 200 -
INFO:werkzeug:192.168.0.214 - - [09/Jul/2023 12:11:50] "[33mGET /favicon.ico HTTP/1.1[0m" 404 -
